2021-02-28 19:33:52,337 [Worker-3: Loading available Gradle versions] INFO  o.e.b.c.i.u.g.PublishedGradleVersions - Gradle version information cache is up-to-date. Trying to read.
2021-02-28 19:36:14,571 [Worker-9: Importing Maven projects] INFO  o.e.m.c.i.l.LifecycleMappingFactory - Using org.eclipse.m2e.jdt.JarLifecycleMapping lifecycle mapping for MavenProject: com.bit:DataDrivenFramework:0.0.1-SNAPSHOT @ C:\Users\USER\eclipse-ee\DataDrivenFramework\pom.xml.
2021-02-28 19:36:15,336 [Worker-9: Importing Maven projects] WARN  o.e.m.c.i.embedder.EclipseLogger - The POM for org.testng:testng:jar:5.14.3 is invalid, transitive dependencies (if any) will not be available, enable debug logging for more details
2021-02-28 19:36:15,396 [Worker-9: Importing Maven projects] WARN  o.e.m.c.i.embedder.EclipseLogger - The POM for org.testng:testng:jar:5.14.4 is invalid, transitive dependencies (if any) will not be available, enable debug logging for more details
2021-02-28 19:36:15,410 [Worker-9: Importing Maven projects] WARN  o.e.m.c.i.embedder.EclipseLogger - The POM for org.testng:testng:jar:5.14.5 is invalid, transitive dependencies (if any) will not be available, enable debug logging for more details
2021-02-28 19:36:16,973 [Worker-9: Importing Maven projects] INFO  o.e.m.c.i.e.AbstractTransferListenerAdapter - Downloaded https://repo.maven.apache.org/maven2/org/apache/maven/plugins/maven-surefire-plugin/2.18.1/maven-surefire-plugin-2.18.1.pom
2021-02-28 19:36:18,302 [Worker-9: Importing Maven projects] INFO  o.e.m.j.i.AbstractJavaProjectConfigurator - Adding source folder /DataDrivenFramework/src/main/java
2021-02-28 19:36:18,303 [Worker-9: Importing Maven projects] INFO  o.e.m.j.i.AbstractJavaProjectConfigurator - Adding resource folder /DataDrivenFramework/src/main/resources
2021-02-28 19:36:18,304 [Worker-9: Importing Maven projects] INFO  o.e.m.j.i.AbstractJavaProjectConfigurator - Adding source folder /DataDrivenFramework/src/test/java
2021-02-28 19:36:18,304 [Worker-9: Importing Maven projects] INFO  o.e.m.j.i.AbstractJavaProjectConfigurator - Adding resource folder /DataDrivenFramework/src/test/resources
2021-02-28 19:36:18,840 [Worker-9: Importing Maven projects] INFO  o.e.m.c.i.p.ProjectConfigurationManager - Imported and configured 1 project(s) in 9 sec
2021-02-28 19:36:22,772 [Worker-10: Building workspace] WARN  o.e.m.c.i.embedder.EclipseLogger - The POM for org.testng:testng:jar:5.14.3 is invalid, transitive dependencies (if any) will not be available, enable debug logging for more details
2021-02-28 19:36:22,790 [Worker-10: Building workspace] WARN  o.e.m.c.i.embedder.EclipseLogger - The POM for org.testng:testng:jar:5.14.4 is invalid, transitive dependencies (if any) will not be available, enable debug logging for more details
2021-02-28 19:36:22,800 [Worker-10: Building workspace] WARN  o.e.m.c.i.embedder.EclipseLogger - The POM for org.testng:testng:jar:5.14.5 is invalid, transitive dependencies (if any) will not be available, enable debug logging for more details
2021-02-28 19:36:23,149 [Worker-10: Building workspace] WARN  o.e.m.c.i.embedder.EclipseLogger - Using platform encoding (Cp1252 actually) to copy filtered resources, i.e. build is platform dependent!
2021-02-28 19:36:23,167 [Worker-10: Building workspace] INFO  o.e.m.c.i.embedder.EclipseLogger - Copying 0 resource
2021-02-28 19:36:23,170 [Worker-10: Building workspace] WARN  o.e.m.c.i.embedder.EclipseLogger - Using platform encoding (Cp1252 actually) to copy filtered resources, i.e. build is platform dependent!
2021-02-28 19:36:23,172 [Worker-10: Building workspace] INFO  o.e.m.c.i.embedder.EclipseLogger - Copying 11 resources
2021-02-28 19:38:00,825 [Worker-12: Building workspace] INFO  o.e.m.c.i.l.LifecycleMappingFactory - Using org.eclipse.m2e.jdt.JarLifecycleMapping lifecycle mapping for MavenProject: com.bit:DataDrivenFramework:0.0.1-SNAPSHOT @ C:\Users\USER\eclipse-ee\DataDrivenFramework\pom.xml.
2021-02-28 19:38:00,980 [Worker-12: Building workspace] WARN  o.e.m.c.i.embedder.EclipseLogger - The POM for org.testng:testng:jar:5.14.3 is invalid, transitive dependencies (if any) will not be available, enable debug logging for more details
2021-02-28 19:38:00,983 [Worker-12: Building workspace] WARN  o.e.m.c.i.embedder.EclipseLogger - The POM for org.testng:testng:jar:5.14.4 is invalid, transitive dependencies (if any) will not be available, enable debug logging for more details
2021-02-28 19:38:00,986 [Worker-12: Building workspace] WARN  o.e.m.c.i.embedder.EclipseLogger - The POM for org.testng:testng:jar:5.14.5 is invalid, transitive dependencies (if any) will not be available, enable debug logging for more details
2021-02-28 19:38:02,065 [Worker-12: Building workspace] WARN  o.e.m.c.i.embedder.EclipseLogger - Using platform encoding (Cp1252 actually) to copy filtered resources, i.e. build is platform dependent!
2021-02-28 19:38:02,068 [Worker-12: Building workspace] INFO  o.e.m.c.i.embedder.EclipseLogger - Copying 0 resource
2021-02-28 19:38:02,070 [Worker-12: Building workspace] WARN  o.e.m.c.i.embedder.EclipseLogger - Using platform encoding (Cp1252 actually) to copy filtered resources, i.e. build is platform dependent!
2021-02-28 19:38:02,071 [Worker-12: Building workspace] INFO  o.e.m.c.i.embedder.EclipseLogger - Copying 0 resource
2021-02-28 19:39:18,699 [Worker-10: Building workspace] WARN  o.e.m.c.i.embedder.EclipseLogger - The POM for org.testng:testng:jar:5.14.3 is invalid, transitive dependencies (if any) will not be available, enable debug logging for more details
2021-02-28 19:39:18,702 [Worker-10: Building workspace] WARN  o.e.m.c.i.embedder.EclipseLogger - The POM for org.testng:testng:jar:5.14.4 is invalid, transitive dependencies (if any) will not be available, enable debug logging for more details
2021-02-28 19:39:18,705 [Worker-10: Building workspace] WARN  o.e.m.c.i.embedder.EclipseLogger - The POM for org.testng:testng:jar:5.14.5 is invalid, transitive dependencies (if any) will not be available, enable debug logging for more details
2021-02-28 19:39:18,972 [Worker-10: Building workspace] WARN  o.e.m.c.i.embedder.EclipseLogger - Using platform encoding (Cp1252 actually) to copy filtered resources, i.e. build is platform dependent!
2021-02-28 19:39:18,975 [Worker-10: Building workspace] INFO  o.e.m.c.i.embedder.EclipseLogger - Copying 0 resource
2021-02-28 19:39:18,976 [Worker-10: Building workspace] WARN  o.e.m.c.i.embedder.EclipseLogger - Using platform encoding (Cp1252 actually) to copy filtered resources, i.e. build is platform dependent!
2021-02-28 19:39:18,979 [Worker-10: Building workspace] INFO  o.e.m.c.i.embedder.EclipseLogger - Copying 11 resources
2021-02-28 19:39:23,164 [Worker-1: Building workspace] WARN  o.e.m.c.i.embedder.EclipseLogger - Using platform encoding (Cp1252 actually) to copy filtered resources, i.e. build is platform dependent!
2021-02-28 19:39:23,166 [Worker-1: Building workspace] INFO  o.e.m.c.i.embedder.EclipseLogger - Copying 0 resource
2021-02-28 19:39:23,167 [Worker-1: Building workspace] WARN  o.e.m.c.i.embedder.EclipseLogger - Using platform encoding (Cp1252 actually) to copy filtered resources, i.e. build is platform dependent!
2021-02-28 19:39:23,169 [Worker-1: Building workspace] INFO  o.e.m.c.i.embedder.EclipseLogger - Copying 11 resources
2021-02-28 19:39:41,751 [Worker-13: Launching Executing clean in C__Users_USER_eclipse-ee_DataDrivenFramework] INFO  o.e.m.i.launch.MavenLaunchDelegate - C:\Users\USER\eclipse-ee\DataDrivenFramework
2021-02-28 19:39:41,752 [Worker-13: Launching Executing clean in C__Users_USER_eclipse-ee_DataDrivenFramework] INFO  o.e.m.i.launch.MavenLaunchDelegate -  mvn -B clean
2021-02-28 19:39:44,722 [Worker-12: Building workspace] WARN  o.e.m.c.i.embedder.EclipseLogger - Using platform encoding (Cp1252 actually) to copy filtered resources, i.e. build is platform dependent!
2021-02-28 19:39:44,726 [Worker-12: Building workspace] INFO  o.e.m.c.i.embedder.EclipseLogger - Copying 0 resource
2021-02-28 19:39:44,729 [Worker-12: Building workspace] WARN  o.e.m.c.i.embedder.EclipseLogger - Using platform encoding (Cp1252 actually) to copy filtered resources, i.e. build is platform dependent!
2021-02-28 19:39:44,734 [Worker-12: Building workspace] INFO  o.e.m.c.i.embedder.EclipseLogger - Copying 11 resources
2021-02-28 19:39:50,359 [Worker-13: Launching Executing test in C__Users_USER_eclipse-ee_DataDrivenFramework] INFO  o.e.m.i.launch.MavenLaunchDelegate - C:\Users\USER\eclipse-ee\DataDrivenFramework
2021-02-28 19:39:50,359 [Worker-13: Launching Executing test in C__Users_USER_eclipse-ee_DataDrivenFramework] INFO  o.e.m.i.launch.MavenLaunchDelegate -  mvn -B test
2021-02-28 19:40:00,856 [Worker-10: Building workspace] WARN  o.e.m.c.i.embedder.EclipseLogger - Using platform encoding (Cp1252 actually) to copy filtered resources, i.e. build is platform dependent!
2021-02-28 19:40:00,859 [Worker-10: Building workspace] INFO  o.e.m.c.i.embedder.EclipseLogger - Copying 0 resource
2021-02-28 19:40:00,863 [Worker-10: Building workspace] WARN  o.e.m.c.i.embedder.EclipseLogger - Using platform encoding (Cp1252 actually) to copy filtered resources, i.e. build is platform dependent!
2021-02-28 19:40:00,866 [Worker-10: Building workspace] INFO  o.e.m.c.i.embedder.EclipseLogger - Copying 11 resources
